Using pre-set license
Built from '2020.3/staging' branch; Version is '2020.3.22f1 (e1a7f79fd887) revision 14788599'; Using compiler version '192528614'; Build Type 'Release'
OS: 'Windows 10 Pro; OS build 19042.1348; Version 2009; 64bit' Language: 'en' Physical Memory: 16349 MB
BatchMode: 1, IsHumanControllingUs: 0, StartBugReporterOnCrash: 0, Is64bit: 1, IsPro: 0

COMMAND LINE ARGUMENTS:
C:\Program Files\Unity\Hub\Editor\2020.3.22f1\Editor\Unity.exe
-adb2
-batchMode
-noUpm
-name
AssetImportWorker0
-projectPath
C:/Users/Le_Fran6/Documents/GitHub/JeanneProjet
-logFile
Logs/AssetImportWorker0.log
-srvPort
63647
Successfully changed project path to: C:/Users/Le_Fran6/Documents/GitHub/JeanneProjet
C:/Users/Le_Fran6/Documents/GitHub/JeanneProjet
Using Asset Import Pipeline V2.
Refreshing native plugins compatible for Editor in 56.32 ms, found 2 plugins.
Preloading 0 native plugins for Editor in 0.00 ms.
Initialize engine version: 2020.3.22f1 (e1a7f79fd887)
[Subsystems] Discovering subsystems at path C:/Program Files/Unity/Hub/Editor/2020.3.22f1/Editor/Data/Resources/UnitySubsystems
[Subsystems] Discovering subsystems at path C:/Users/Le_Fran6/Documents/GitHub/JeanneProjet/Assets
GfxDevice: creating device client; threaded=0
Direct3D:
    Version:  Direct3D 11.0 [level 11.0]
    Renderer: NVIDIA GeForce GTX 750 Ti (ID=0x1380)
    Vendor:   
    VRAM:     2007 MB
    Driver:   30.0.14.7141
Initialize mono
Mono path[0] = 'C:/Program Files/Unity/Hub/Editor/2020.3.22f1/Editor/Data/Managed'
Mono path[1] = 'C:/Program Files/Unity/Hub/Editor/2020.3.22f1/Editor/Data/MonoBleedingEdge/lib/mono/unityjit'
Mono config path = 'C:/Program Files/Unity/Hub/Editor/2020.3.22f1/Editor/Data/MonoBleedingEdge/etc'
Using monoOptions --debugger-agent=transport=dt_socket,embedding=1,server=y,suspend=n,address=127.0.0.1:56328
Begin MonoManager ReloadAssembly
Registering precompiled unity dll's ...
Register platform support module: C:/Program Files/Unity/Hub/Editor/2020.3.22f1/Editor/Data/PlaybackEngines/WindowsStandaloneSupport/UnityEditor.WindowsStandalone.Extensions.dll
Registered in 0.004994 seconds.
Native extension for WindowsStandalone target not found
Refreshing native plugins compatible for Editor in 52.46 ms, found 2 plugins.
Preloading 0 native plugins for Editor in 0.00 ms.
Mono: successfully reloaded assembly
- Completed reload, in  4.318 seconds
Domain Reload Profiling:
	ReloadAssembly (4318ms)
		BeginReloadAssembly (113ms)
			ExecutionOrderSort (0ms)
			DisableScriptedObjects (0ms)
			BackupInstance (0ms)
			ReleaseScriptingObjects (0ms)
			CreateAndSetChildDomain (1ms)
		EndReloadAssembly (619ms)
			LoadAssemblies (107ms)
			RebuildTransferFunctionScriptingTraits (0ms)
			SetupTypeCache (206ms)
			ReleaseScriptCaches (0ms)
			RebuildScriptCaches (44ms)
			SetupLoadedEditorAssemblies (227ms)
				LogAssemblyErrors (0ms)
				InitializePlatformSupportModulesInManaged (6ms)
				SetLoadedEditorAssemblies (0ms)
				RefreshPlugins (53ms)
				BeforeProcessingInitializeOnLoad (22ms)
				ProcessInitializeOnLoadAttributes (108ms)
				ProcessInitializeOnLoadMethodAttributes (39ms)
				AfterProcessingInitializeOnLoad (0ms)
				EditorAssembliesLoaded (0ms)
			ExecutionOrderSort2 (0ms)
			AwakeInstancesAfterBackupRestoration (0ms)
Platform modules already initialized, skipping
Registering precompiled user dll's ...
Registered in 0.010693 seconds.
Begin MonoManager ReloadAssembly
Native extension for WindowsStandalone target not found
Refreshing native plugins compatible for Editor in 0.52 ms, found 2 plugins.
Preloading 0 native plugins for Editor in 0.00 ms.
Mono: successfully reloaded assembly
- Completed reload, in  1.551 seconds
Domain Reload Profiling:
	ReloadAssembly (1553ms)
		BeginReloadAssembly (219ms)
			ExecutionOrderSort (0ms)
			DisableScriptedObjects (6ms)
			BackupInstance (0ms)
			ReleaseScriptingObjects (0ms)
			CreateAndSetChildDomain (24ms)
		EndReloadAssembly (1238ms)
			LoadAssemblies (148ms)
			RebuildTransferFunctionScriptingTraits (0ms)
			SetupTypeCache (392ms)
			ReleaseScriptCaches (1ms)
			RebuildScriptCaches (66ms)
			SetupLoadedEditorAssemblies (484ms)
				LogAssemblyErrors (0ms)
				InitializePlatformSupportModulesInManaged (7ms)
				SetLoadedEditorAssemblies (1ms)
				RefreshPlugins (1ms)
				BeforeProcessingInitializeOnLoad (137ms)
				ProcessInitializeOnLoadAttributes (308ms)
				ProcessInitializeOnLoadMethodAttributes (14ms)
				AfterProcessingInitializeOnLoad (17ms)
				EditorAssembliesLoaded (0ms)
			ExecutionOrderSort2 (0ms)
			AwakeInstancesAfterBackupRestoration (9ms)
Platform modules already initialized, skipping
========================================================================
Worker process is ready to serve import requests
Launched and connected shader compiler UnityShaderCompiler.exe after 0.07 seconds
Refreshing native plugins compatible for Editor in 0.50 ms, found 2 plugins.
Preloading 0 native plugins for Editor in 0.00 ms.
Unloading 1860 Unused Serialized files (Serialized files now loaded: 0)
System memory in use before: 83.5 MB.
System memory in use after: 83.6 MB.

Unloading 20 unused Assets to reduce memory usage. Loaded Objects now: 2292.
Total: 4.007800 ms (FindLiveObjects: 0.234500 ms CreateObjectMapping: 0.137000 ms MarkObjects: 3.510700 ms  DeleteObjects: 0.124000 ms)

AssetImportParameters requested are different than current active one (requested -> active):
  custom:framework-win-MediaFoundation: 216162199b28c13a410421893ffa2e32 -> 
  custom:video-decoder-ogg-theora: a1e56fd34408186e4bbccfd4996cb3dc -> 
  custom:container-muxer-webm: aa71ff27fc2769a1b78a27578f13a17b -> 
  custom:container-demuxer-webm: 4f35f7cbe854078d1ac9338744f61a02 -> 
  custom:container-demuxer-ogg: 62fdf1f143b41e24485cea50d1cbac27 -> 
  custom:video-encoder-webm-vp8: eb34c28f22e8b96e1ab97ce403110664 -> 
  custom:video-codec-MediaFoundation-h265: 746d11721c4dcdbdad8f713fa42b33f4 -> 
  custom:video-decoder-webm-vp8: 9c59270c3fd7afecdb556c50c9e8de78 -> 
  custom:audio-decoder-ogg-vorbis: bf7c407c2cedff20999df2af8eb42d56 -> 
  custom:audio-encoder-webm-vorbis: bf7c407c2cedff20999df2af8eb42d56 -> 
========================================================================
Received Import Request.
  path: Assets/charette.mat
  artifactKey: Guid(94daddba69e764e40a51e6cb4a61a3c8) Importer(815301076,1909f56bfc062723c751e8b465ee728b)
Start importing Assets/charette.mat using Guid(94daddba69e764e40a51e6cb4a61a3c8) Importer(815301076,1909f56bfc062723c751e8b465ee728b)  -> (artifact id: 'eabcae15ee343f846e4e18061fd813ab') in 0.836803 seconds 
  Import took 0.840542 seconds .

========================================================================
Received Import Request.
  Time since last request: 0.000396 seconds.
  path: Assets/redAtelier.mat
  artifactKey: Guid(c3c77520da36c4547a2be4150dddb745) Importer(815301076,1909f56bfc062723c751e8b465ee728b)
Start importing Assets/redAtelier.mat using Guid(c3c77520da36c4547a2be4150dddb745) Importer(815301076,1909f56bfc062723c751e8b465ee728b)  -> (artifact id: '569aa452aeb4f3f6f108d622ff1c22c9') in 0.017700 seconds 
  Import took 0.021707 seconds .

========================================================================
Received Import Request.
  Time since last request: 0.000539 seconds.
  path: Assets/GreenFour.mat
  artifactKey: Guid(aeef01ca9f01b6144bb1cd99162d035f) Importer(815301076,1909f56bfc062723c751e8b465ee728b)
Start importing Assets/GreenFour.mat using Guid(aeef01ca9f01b6144bb1cd99162d035f) Importer(815301076,1909f56bfc062723c751e8b465ee728b)  -> (artifact id: '45655b5840c36cbec320d487527eb22b') in 0.014471 seconds 
  Import took 0.018708 seconds .

========================================================================
Received Import Request.
  Time since last request: 0.000391 seconds.
  path: Assets/JMH Beda.ttf
  artifactKey: Guid(7b9d1d8be74698f4f9552abb5ee6af90) Importer(815301076,1909f56bfc062723c751e8b465ee728b)
Start importing Assets/JMH Beda.ttf using Guid(7b9d1d8be74698f4f9552abb5ee6af90) Importer(815301076,1909f56bfc062723c751e8b465ee728b)  -> (artifact id: '7be543e2e474530e407f97dac6b73553') in 0.154382 seconds 
  Import took 0.157857 seconds .

========================================================================
Received Import Request.
  Time since last request: 0.000389 seconds.
  path: Assets/Song Of Coronos.otf.otf
  artifactKey: Guid(4da088d584bcdcc439c99a679a511e0f) Importer(815301076,1909f56bfc062723c751e8b465ee728b)
Start importing Assets/Song Of Coronos.otf.otf using Guid(4da088d584bcdcc439c99a679a511e0f) Importer(815301076,1909f56bfc062723c751e8b465ee728b)  -> (artifact id: 'c900609732a86c357b5be4b72aeaf88f') in 0.026642 seconds 
  Import took 0.030108 seconds .

========================================================================
Received Import Request.
  Time since last request: 0.000436 seconds.
  path: Assets/Argent.mat
  artifactKey: Guid(1e9495402b797ab4aa547a8948ed4c94) Importer(815301076,1909f56bfc062723c751e8b465ee728b)
Start importing Assets/Argent.mat using Guid(1e9495402b797ab4aa547a8948ed4c94) Importer(815301076,1909f56bfc062723c751e8b465ee728b)  -> (artifact id: '49e6eb9d19fcb1aa29927b7912016253') in 0.014608 seconds 
  Import took 0.018640 seconds .

========================================================================
Received Import Request.
  Time since last request: 0.000418 seconds.
  path: Assets/Cuivre.mat
  artifactKey: Guid(4b8dcc954d332434c880c21867b3d650) Importer(815301076,1909f56bfc062723c751e8b465ee728b)
Start importing Assets/Cuivre.mat using Guid(4b8dcc954d332434c880c21867b3d650) Importer(815301076,1909f56bfc062723c751e8b465ee728b)  -> (artifact id: '4b6af85c38b1f07eb939555a5efb3678') in 0.021111 seconds 
  Import took 0.025396 seconds .

========================================================================
Received Import Request.
  Time since last request: 0.000406 seconds.
  path: Assets/blueDecoupeuse.mat
  artifactKey: Guid(0b3bbc4fbbd2bbb4d945a0d5199197bf) Importer(815301076,1909f56bfc062723c751e8b465ee728b)
Start importing Assets/blueDecoupeuse.mat using Guid(0b3bbc4fbbd2bbb4d945a0d5199197bf) Importer(815301076,1909f56bfc062723c751e8b465ee728b)  -> (artifact id: 'f954decb77f4a7a20def49c6274d73bd') in 0.017283 seconds 
  Import took 0.021220 seconds .

========================================================================
Received Import Request.
  Time since last request: 0.000327 seconds.
  path: Assets/Fer.mat
  artifactKey: Guid(6a65f7c8a01c1c54a937801b24354b67) Importer(815301076,1909f56bfc062723c751e8b465ee728b)
Start importing Assets/Fer.mat using Guid(6a65f7c8a01c1c54a937801b24354b67) Importer(815301076,1909f56bfc062723c751e8b465ee728b)  -> (artifact id: 'a0370340aafd4282da95481da130d143') in 0.015262 seconds 
  Import took 0.019159 seconds .

========================================================================
Received Import Request.
  Time since last request: 0.000295 seconds.
  path: Assets/Or.mat
  artifactKey: Guid(f74f551b48af5e240a4b5177854c4e35) Importer(815301076,1909f56bfc062723c751e8b465ee728b)
Start importing Assets/Or.mat using Guid(f74f551b48af5e240a4b5177854c4e35) Importer(815301076,1909f56bfc062723c751e8b465ee728b)  -> (artifact id: '0d626952b3303ac3b325d595c340fdc7') in 0.017774 seconds 
  Import took 0.021686 seconds .

========================================================================
Received Prepare
Registering precompiled user dll's ...
Registered in 0.010055 seconds.
Begin MonoManager ReloadAssembly
Native extension for WindowsStandalone target not found
Refreshing native plugins compatible for Editor in 35.09 ms, found 2 plugins.
Preloading 0 native plugins for Editor in 0.00 ms.
Mono: successfully reloaded assembly
- Completed reload, in  6.281 seconds
Domain Reload Profiling:
	ReloadAssembly (6282ms)
		BeginReloadAssembly (812ms)
			ExecutionOrderSort (0ms)
			DisableScriptedObjects (111ms)
			BackupInstance (0ms)
			ReleaseScriptingObjects (0ms)
			CreateAndSetChildDomain (185ms)
		EndReloadAssembly (5136ms)
			LoadAssemblies (259ms)
			RebuildTransferFunctionScriptingTraits (1ms)
			SetupTypeCache (1830ms)
			ReleaseScriptCaches (3ms)
			RebuildScriptCaches (251ms)
			SetupLoadedEditorAssemblies (1540ms)
				LogAssemblyErrors (0ms)
				InitializePlatformSupportModulesInManaged (37ms)
				SetLoadedEditorAssemblies (2ms)
				RefreshPlugins (38ms)
				BeforeProcessingInitializeOnLoad (485ms)
				ProcessInitializeOnLoadAttributes (922ms)
				ProcessInitializeOnLoadMethodAttributes (35ms)
				AfterProcessingInitializeOnLoad (21ms)
				EditorAssembliesLoaded (1ms)
			ExecutionOrderSort2 (0ms)
			AwakeInstancesAfterBackupRestoration (12ms)
Platform modules already initialized, skipping
Switching build target platform(19) subTarget(0) extendedPlatform(0) -> platform(13) subTarget(537395200) extendedPlatform(0)
Refreshing native plugins compatible for Editor in 0.60 ms, found 2 plugins.
Preloading 0 native plugins for Editor in 0.00 ms.
Unloading 1836 Unused Serialized files (Serialized files now loaded: 0)
System memory in use before: 84.3 MB.
System memory in use after: 84.3 MB.

Unloading 15 unused Assets to reduce memory usage. Loaded Objects now: 2338.
Total: 4.570100 ms (FindLiveObjects: 0.375900 ms CreateObjectMapping: 0.184000 ms MarkObjects: 3.784700 ms  DeleteObjects: 0.223700 ms)

AssetImportParameters requested are different than current active one (requested -> active):
  custom:framework-win-MediaFoundation: 216162199b28c13a410421893ffa2e32 -> 
  custom:video-decoder-ogg-theora: a1e56fd34408186e4bbccfd4996cb3dc -> 
  custom:container-muxer-webm: aa71ff27fc2769a1b78a27578f13a17b -> 
  custom:container-demuxer-webm: 4f35f7cbe854078d1ac9338744f61a02 -> 
  custom:container-demuxer-ogg: 62fdf1f143b41e24485cea50d1cbac27 -> 
  custom:video-encoder-webm-vp8: eb34c28f22e8b96e1ab97ce403110664 -> 
  custom:video-codec-MediaFoundation-h265: 746d11721c4dcdbdad8f713fa42b33f4 -> 
  custom:video-decoder-webm-vp8: 9c59270c3fd7afecdb556c50c9e8de78 -> 
  custom:graphics/normal-map-encoding: 01000000000000000000000000000000 -> 02000000000000000000000000000000
  custom:audio-decoder-ogg-vorbis: bf7c407c2cedff20999df2af8eb42d56 -> 
  custom:audio-encoder-webm-vorbis: bf7c407c2cedff20999df2af8eb42d56 -> 
========================================================================
Received Prepare
Refreshing native plugins compatible for Editor in 8.08 ms, found 2 plugins.
Preloading 0 native plugins for Editor in 0.00 ms.
Unloading 13 Unused Serialized files (Serialized files now loaded: 0)
System memory in use before: 48.2 MB.
System memory in use after: 48.3 MB.

Unloading 13 unused Assets to reduce memory usage. Loaded Objects now: 2338.
Total: 4.473500 ms (FindLiveObjects: 0.265900 ms CreateObjectMapping: 0.152700 ms MarkObjects: 3.982200 ms  DeleteObjects: 0.071100 ms)

AssetImportParameters requested are different than current active one (requested -> active):
  custom:framework-win-MediaFoundation: 216162199b28c13a410421893ffa2e32 -> 
  custom:video-decoder-ogg-theora: a1e56fd34408186e4bbccfd4996cb3dc -> 
  custom:container-muxer-webm: aa71ff27fc2769a1b78a27578f13a17b -> 
  custom:container-demuxer-webm: 4f35f7cbe854078d1ac9338744f61a02 -> 
  custom:container-demuxer-ogg: 62fdf1f143b41e24485cea50d1cbac27 -> 
  custom:video-encoder-webm-vp8: eb34c28f22e8b96e1ab97ce403110664 -> 
  custom:video-codec-MediaFoundation-h265: 746d11721c4dcdbdad8f713fa42b33f4 -> 
  custom:video-decoder-webm-vp8: 9c59270c3fd7afecdb556c50c9e8de78 -> 
  custom:audio-decoder-ogg-vorbis: bf7c407c2cedff20999df2af8eb42d56 -> 
  custom:audio-encoder-webm-vorbis: bf7c407c2cedff20999df2af8eb42d56 -> 
========================================================================
Received Import Request.
  Time since last request: 12057.594784 seconds.
  path: Assets/JMH Beda.ttf
  artifactKey: Guid(7b9d1d8be74698f4f9552abb5ee6af90) Importer(815301076,1909f56bfc062723c751e8b465ee728b)
Start importing Assets/JMH Beda.ttf using Guid(7b9d1d8be74698f4f9552abb5ee6af90) Importer(815301076,1909f56bfc062723c751e8b465ee728b)  -> (artifact id: 'd2340ff6689a09037d9beb49c7a189a8') in 0.099163 seconds 
  Import took 0.103687 seconds .

========================================================================
Received Import Request.
  Time since last request: 0.000328 seconds.
  path: Assets/Song Of Coronos.otf.otf
  artifactKey: Guid(4da088d584bcdcc439c99a679a511e0f) Importer(815301076,1909f56bfc062723c751e8b465ee728b)
Start importing Assets/Song Of Coronos.otf.otf using Guid(4da088d584bcdcc439c99a679a511e0f) Importer(815301076,1909f56bfc062723c751e8b465ee728b)  -> (artifact id: '7ad0f2b9017b07aa5a2d744a96e035fe') in 0.032272 seconds 
  Import took 0.037042 seconds .

========================================================================
Received Import Request.
  Time since last request: 12.611963 seconds.
  path: Assets/Scenes
  artifactKey: Guid(67cc341b5a998b54099528c3f465c6f3) Importer(815301076,1909f56bfc062723c751e8b465ee728b)
Start importing Assets/Scenes using Guid(67cc341b5a998b54099528c3f465c6f3) Importer(815301076,1909f56bfc062723c751e8b465ee728b)  -> (artifact id: '6f76c6cc3ff724d20066c160276620ef') in 0.004328 seconds 
  Import took 0.008354 seconds .

========================================================================
Received Import Request.
  Time since last request: 2.178540 seconds.
  path: Assets/Scenes/MenuScene.unity
  artifactKey: Guid(ae8fbfe5879b9e64c947bd71dd5e6564) Importer(815301076,1909f56bfc062723c751e8b465ee728b)
Start importing Assets/Scenes/MenuScene.unity using Guid(ae8fbfe5879b9e64c947bd71dd5e6564) Importer(815301076,1909f56bfc062723c751e8b465ee728b)  -> (artifact id: 'b726ebde2dd2d4d7ef3f5b2596e68625') in 0.005965 seconds 
  Import took 0.010958 seconds .

========================================================================
Received Prepare
Registering precompiled user dll's ...
Registered in 0.030637 seconds.
Begin MonoManager ReloadAssembly
Native extension for WindowsStandalone target not found
Refreshing native plugins compatible for Editor in 0.56 ms, found 2 plugins.
Preloading 0 native plugins for Editor in 0.00 ms.
Mono: successfully reloaded assembly
- Completed reload, in  1.503 seconds
Domain Reload Profiling:
	ReloadAssembly (1504ms)
		BeginReloadAssembly (191ms)
			ExecutionOrderSort (0ms)
			DisableScriptedObjects (5ms)
			BackupInstance (0ms)
			ReleaseScriptingObjects (0ms)
			CreateAndSetChildDomain (46ms)
		EndReloadAssembly (1217ms)
			LoadAssemblies (151ms)
			RebuildTransferFunctionScriptingTraits (0ms)
			SetupTypeCache (389ms)
			ReleaseScriptCaches (1ms)
			RebuildScriptCaches (55ms)
			SetupLoadedEditorAssemblies (464ms)
				LogAssemblyErrors (0ms)
				InitializePlatformSupportModulesInManaged (6ms)
				SetLoadedEditorAssemblies (1ms)
				RefreshPlugins (1ms)
				BeforeProcessingInitializeOnLoad (121ms)
				ProcessInitializeOnLoadAttributes (307ms)
				ProcessInitializeOnLoadMethodAttributes (12ms)
				AfterProcessingInitializeOnLoad (16ms)
				EditorAssembliesLoaded (0ms)
			ExecutionOrderSort2 (0ms)
			AwakeInstancesAfterBackupRestoration (9ms)
Platform modules already initialized, skipping
Switching build target platform(19) subTarget(0) extendedPlatform(0) -> platform(13) subTarget(537395200) extendedPlatform(0)
Refreshing native plugins compatible for Editor in 0.51 ms, found 2 plugins.
Preloading 0 native plugins for Editor in 0.00 ms.
Unloading 1836 Unused Serialized files (Serialized files now loaded: 0)
System memory in use before: 84.3 MB.
System memory in use after: 84.4 MB.

Unloading 15 unused Assets to reduce memory usage. Loaded Objects now: 2342.
Total: 4.039700 ms (FindLiveObjects: 0.236800 ms CreateObjectMapping: 0.139900 ms MarkObjects: 3.581300 ms  DeleteObjects: 0.080200 ms)

AssetImportParameters requested are different than current active one (requested -> active):
  custom:framework-win-MediaFoundation: 216162199b28c13a410421893ffa2e32 -> 
  custom:video-decoder-ogg-theora: a1e56fd34408186e4bbccfd4996cb3dc -> 
  custom:container-muxer-webm: aa71ff27fc2769a1b78a27578f13a17b -> 
  custom:container-demuxer-webm: 4f35f7cbe854078d1ac9338744f61a02 -> 
  custom:container-demuxer-ogg: 62fdf1f143b41e24485cea50d1cbac27 -> 
  custom:video-encoder-webm-vp8: eb34c28f22e8b96e1ab97ce403110664 -> 
  custom:video-codec-MediaFoundation-h265: 746d11721c4dcdbdad8f713fa42b33f4 -> 
  custom:video-decoder-webm-vp8: 9c59270c3fd7afecdb556c50c9e8de78 -> 
  custom:graphics/normal-map-encoding: 01000000000000000000000000000000 -> 02000000000000000000000000000000
  custom:audio-decoder-ogg-vorbis: bf7c407c2cedff20999df2af8eb42d56 -> 
  custom:audio-encoder-webm-vorbis: bf7c407c2cedff20999df2af8eb42d56 -> 
AssetImportWorkerClient::OnTransportError - code=2 error=End of file
